Using pre-set license
Built from '2020.3/china_unity/release' branch; Version is '2020.3.12f1c1 (5887f62ce680) revision 5801974'; Using compiler version '192528614'; Build Type 'Release'
OS: 'Windows 10 Home China; OS build 19042.1052; Version 2009; 64bit' Language: 'zh' Physical Memory: 32634 MB
BatchMode: 1, IsHumanControllingUs: 0, StartBugReporterOnCrash: 0, Is64bit: 1, IsPro: 0

 COMMAND LINE ARGUMENTS:
C:\Program Files\Unity\Hub\Editor\2020.3.12f1c1\Editor\Unity.exe
-adb2
-batchMode
-noUpm
-name
AssetImportWorker0
-projectPath
E:/UNITY/GameHack2021
-logFile
Logs/AssetImportWorker0.log
-srvPort
54443
Successfully changed project path to: E:/UNITY/GameHack2021
E:/UNITY/GameHack2021
Using Asset Import Pipeline V2.
Refreshing native plugins compatible for Editor in 32.00 ms, found 3 plugins.
Preloading 0 native plugins for Editor in 0.00 ms.
Initialize engine version: 2020.3.12f1c1 (5887f62ce680)
[Subsystems] Discovering subsystems at path C:/Program Files/Unity/Hub/Editor/2020.3.12f1c1/Editor/Data/Resources/UnitySubsystems
[Subsystems] Discovering subsystems at path E:/UNITY/GameHack2021/Assets
GfxDevice: creating device client; threaded=0
Direct3D:
    Version:  Direct3D 11.0 [level 11.1]
    Renderer: NVIDIA GeForce GTX 1650 (ID=0x1f99)
    Vendor:   
    VRAM:     3962 MB
    Driver:   27.21.14.5256
Initialize mono
Mono path[0] = 'C:/Program Files/Unity/Hub/Editor/2020.3.12f1c1/Editor/Data/Managed'
Mono path[1] = 'C:/Program Files/Unity/Hub/Editor/2020.3.12f1c1/Editor/Data/MonoBleedingEdge/lib/mono/unityjit'
Mono config path = 'C:/Program Files/Unity/Hub/Editor/2020.3.12f1c1/Editor/Data/MonoBleedingEdge/etc'
Using monoOptions --debugger-agent=transport=dt_socket,embedding=1,server=y,suspend=n,address=127.0.0.1:56136
Begin MonoManager ReloadAssembly
Registering precompiled unity dll's ...
Register platform support module: C:/Program Files/Unity/Hub/Editor/2020.3.12f1c1/Editor/Data/PlaybackEngines/WindowsStandaloneSupport/UnityEditor.WindowsStandalone.Extensions.dll
Registered in 0.001333 seconds.
Native extension for WindowsStandalone target not found
Refreshing native plugins compatible for Editor in 33.40 ms, found 3 plugins.
Preloading 0 native plugins for Editor in 0.00 ms.
Mono: successfully reloaded assembly
- Completed reload, in  0.685 seconds
Platform modules already initialized, skipping
Registering precompiled user dll's ...
Registered in 0.001739 seconds.
Begin MonoManager ReloadAssembly
Native extension for WindowsStandalone target not found
Refreshing native plugins compatible for Editor in 32.62 ms, found 3 plugins.
Preloading 0 native plugins for Editor in 0.00 ms.
Mono: successfully reloaded assembly
- Completed reload, in  0.872 seconds
Platform modules already initialized, skipping
========================================================================
Worker process is ready to serve import requests
Launched and connected shader compiler UnityShaderCompiler.exe after 0.03 seconds
Refreshing native plugins compatible for Editor in 0.47 ms, found 3 plugins.
Preloading 0 native plugins for Editor in 0.00 ms.
Unloading 2237 Unused Serialized files (Serialized files now loaded: 0)
System memory in use before: 97.8 MB.
System memory in use after: 97.9 MB.

Unloading 29 unused Assets to reduce memory usage. Loaded Objects now: 2675.
Total: 2.028400 ms (FindLiveObjects: 0.186900 ms CreateObjectMapping: 0.067700 ms MarkObjects: 1.723600 ms  DeleteObjects: 0.049400 ms)

AssetImportParameters requested are different than current active one (requested -> active):
  custom:framework-win-MediaFoundation: 216162199b28c13a410421893ffa2e32 -> 
  custom:video-decoder-ogg-theora: a1e56fd34408186e4bbccfd4996cb3dc -> 
  custom:container-muxer-webm: aa71ff27fc2769a1b78a27578f13a17b -> 
  custom:container-demuxer-webm: 4f35f7cbe854078d1ac9338744f61a02 -> 
  custom:container-demuxer-ogg: 62fdf1f143b41e24485cea50d1cbac27 -> 
  custom:video-encoder-webm-vp8: eb34c28f22e8b96e1ab97ce403110664 -> 
  custom:video-codec-MediaFoundation-h265: 746d11721c4dcdbdad8f713fa42b33f4 -> 
  custom:video-decoder-webm-vp8: 9c59270c3fd7afecdb556c50c9e8de78 -> 
  custom:audio-decoder-ogg-vorbis: bf7c407c2cedff20999df2af8eb42d56 -> 
  custom:audio-encoder-webm-vorbis: bf7c407c2cedff20999df2af8eb42d56 -> 
========================================================================
Received Import Request.
  path: Assets/Scenes
  artifactKey: Guid(f9412f14672e09a41b8ac12a7cee6a94) Importer(815301076,1909f56bfc062723c751e8b465ee728b)
Start importing Assets/Scenes using Guid(f9412f14672e09a41b8ac12a7cee6a94) Importer(815301076,1909f56bfc062723c751e8b465ee728b)  -> (artifact id: '79397da81682ea6e9b33251b80bd336f') in 0.003014 seconds 
  Import took 0.005317 seconds .

========================================================================
Received Import Request.
  Time since last request: 0.000257 seconds.
  path: Assets
  artifactKey: Guid(00000000000000001000000000000000) Importer(815301076,1909f56bfc062723c751e8b465ee728b)
Start importing Assets using Guid(00000000000000001000000000000000) Importer(815301076,1909f56bfc062723c751e8b465ee728b)  -> (artifact id: '42d402b061de3733987d63b9cc3b64de') in 0.000559 seconds 
  Import took 0.002508 seconds .

========================================================================
Received Import Request.
  Time since last request: 0.000200 seconds.
  path: Assets/Scenes/SampleScene.unity
  artifactKey: Guid(2cda990e2423bbf4892e6590ba056729) Importer(815301076,1909f56bfc062723c751e8b465ee728b)
Start importing Assets/Scenes/SampleScene.unity using Guid(2cda990e2423bbf4892e6590ba056729) Importer(815301076,1909f56bfc062723c751e8b465ee728b)  -> (artifact id: '5f0a89f79667f4e09a22220334b0c835') in 0.007351 seconds 
  Import took 0.009535 seconds .

========================================================================
Received Import Request.
  Time since last request: 1.782111 seconds.
  path: Assets/Script
  artifactKey: Guid(c1d4e3b8e7e597c4caa539acd29ea0fe) Importer(815301076,1909f56bfc062723c751e8b465ee728b)
Start importing Assets/Script using Guid(c1d4e3b8e7e597c4caa539acd29ea0fe) Importer(815301076,1909f56bfc062723c751e8b465ee728b)  -> (artifact id: 'e209e2a0a13bda2a20bcdcb8272f62f0') in 0.001478 seconds 
  Import took 0.004640 seconds .

========================================================================
Received Import Request.
  Time since last request: 0.000536 seconds.
  path: Assets/Script
  artifactKey: Guid(c1d4e3b8e7e597c4caa539acd29ea0fe) Importer(815301076,1909f56bfc062723c751e8b465ee728b)
Start importing Assets/Script using Guid(c1d4e3b8e7e597c4caa539acd29ea0fe) Importer(815301076,1909f56bfc062723c751e8b465ee728b)  -> (artifact id: 'e209e2a0a13bda2a20bcdcb8272f62f0') in 0.001013 seconds 
  Import took 0.004014 seconds .

========================================================================
Received Import Request.
  Time since last request: 3.364412 seconds.
  path: Assets/Script/UI
  artifactKey: Guid(ff9a593e625f35c4480c70e3d263bd08) Importer(815301076,1909f56bfc062723c751e8b465ee728b)
Start importing Assets/Script/UI using Guid(ff9a593e625f35c4480c70e3d263bd08) Importer(815301076,1909f56bfc062723c751e8b465ee728b)  -> (artifact id: 'fb58360856c3672e57303ec56641f0e1') in 0.001118 seconds 
  Import took 0.004279 seconds .

========================================================================
Received Import Request.
  Time since last request: 0.000458 seconds.
  path: Assets/Script/UI
  artifactKey: Guid(ff9a593e625f35c4480c70e3d263bd08) Importer(815301076,1909f56bfc062723c751e8b465ee728b)
Start importing Assets/Script/UI using Guid(ff9a593e625f35c4480c70e3d263bd08) Importer(815301076,1909f56bfc062723c751e8b465ee728b)  -> (artifact id: 'fb58360856c3672e57303ec56641f0e1') in 0.000932 seconds 
  Import took 0.003544 seconds .

========================================================================
Received Import Request.
  Time since last request: 15.423758 seconds.
  path: Assets/Script/WebRequest
  artifactKey: Guid(9f42dfeaac4141645a0d1b16ab5a3c37) Importer(815301076,1909f56bfc062723c751e8b465ee728b)
Start importing Assets/Script/WebRequest using Guid(9f42dfeaac4141645a0d1b16ab5a3c37) Importer(815301076,1909f56bfc062723c751e8b465ee728b)  -> (artifact id: '127062e5c7640da8ce5fd57e6ff55779') in 0.001257 seconds 
  Import took 0.004546 seconds .

========================================================================
Received Prepare
Registering precompiled user dll's ...
Registered in 0.001515 seconds.
Begin MonoManager ReloadAssembly
Native extension for WindowsStandalone target not found
Refreshing native plugins compatible for Editor in 0.40 ms, found 3 plugins.
Preloading 0 native plugins for Editor in 0.00 ms.
Mono: successfully reloaded assembly
- Completed reload, in  0.780 seconds
Platform modules already initialized, skipping
Refreshing native plugins compatible for Editor in 0.33 ms, found 3 plugins.
Preloading 0 native plugins for Editor in 0.00 ms.
Unloading 2226 Unused Serialized files (Serialized files now loaded: 0)
System memory in use before: 97.2 MB.
System memory in use after: 97.4 MB.

Unloading 17 unused Assets to reduce memory usage. Loaded Objects now: 2680.
Total: 1.794900 ms (FindLiveObjects: 0.171300 ms CreateObjectMapping: 0.071300 ms MarkObjects: 1.517600 ms  DeleteObjects: 0.033900 ms)

AssetImportParameters requested are different than current active one (requested -> active):
  custom:framework-win-MediaFoundation: 216162199b28c13a410421893ffa2e32 -> 
  custom:video-decoder-ogg-theora: a1e56fd34408186e4bbccfd4996cb3dc -> 
  custom:container-muxer-webm: aa71ff27fc2769a1b78a27578f13a17b -> 
  custom:container-demuxer-webm: 4f35f7cbe854078d1ac9338744f61a02 -> 
  custom:container-demuxer-ogg: 62fdf1f143b41e24485cea50d1cbac27 -> 
  custom:video-encoder-webm-vp8: eb34c28f22e8b96e1ab97ce403110664 -> 
  custom:video-codec-MediaFoundation-h265: 746d11721c4dcdbdad8f713fa42b33f4 -> 
  custom:video-decoder-webm-vp8: 9c59270c3fd7afecdb556c50c9e8de78 -> 
  custom:audio-decoder-ogg-vorbis: bf7c407c2cedff20999df2af8eb42d56 -> 
  custom:audio-encoder-webm-vorbis: bf7c407c2cedff20999df2af8eb42d56 -> 
========================================================================
Received Import Request.
  Time since last request: 204.984033 seconds.
  path: Assets/Script/Player
  artifactKey: Guid(055431c34d492364eafb82cb1e420dd0) Importer(815301076,1909f56bfc062723c751e8b465ee728b)
Start importing Assets/Script/Player using Guid(055431c34d492364eafb82cb1e420dd0) Importer(815301076,1909f56bfc062723c751e8b465ee728b)  -> (artifact id: '41f0f81d1529fcfac1070c4d60efa30d') in 0.003271 seconds 
  Import took 0.005994 seconds .

========================================================================
Received Import Request.
  Time since last request: 0.005151 seconds.
  path: Assets/Script/Player
  artifactKey: Guid(055431c34d492364eafb82cb1e420dd0) Importer(815301076,1909f56bfc062723c751e8b465ee728b)
Start importing Assets/Script/Player using Guid(055431c34d492364eafb82cb1e420dd0) Importer(815301076,1909f56bfc062723c751e8b465ee728b)  -> (artifact id: '41f0f81d1529fcfac1070c4d60efa30d') in 0.000839 seconds 
  Import took 0.003539 seconds .

========================================================================
Received Import Request.
  Time since last request: 0.373566 seconds.
  path: Assets/Script/Interactables
  artifactKey: Guid(88ac7a5d2cfad684ca33af19d40c32d0) Importer(815301076,1909f56bfc062723c751e8b465ee728b)
Start importing Assets/Script/Interactables using Guid(88ac7a5d2cfad684ca33af19d40c32d0) Importer(815301076,1909f56bfc062723c751e8b465ee728b)  -> (artifact id: 'f7e247afda8654923fc3099b6278f8f2') in 0.001096 seconds 
  Import took 0.004011 seconds .

========================================================================
Received Import Request.
  Time since last request: 0.001061 seconds.
  path: Assets/Script/Interactables
  artifactKey: Guid(88ac7a5d2cfad684ca33af19d40c32d0) Importer(815301076,1909f56bfc062723c751e8b465ee728b)
Start importing Assets/Script/Interactables using Guid(88ac7a5d2cfad684ca33af19d40c32d0) Importer(815301076,1909f56bfc062723c751e8b465ee728b)  -> (artifact id: 'f7e247afda8654923fc3099b6278f8f2') in 0.000925 seconds 
  Import took 0.003634 seconds .

========================================================================
Received Import Request.
  Time since last request: 0.402117 seconds.
  path: Assets/Script/Cat
  artifactKey: Guid(c1a9c391f94a141439c8c1839af0b003) Importer(815301076,1909f56bfc062723c751e8b465ee728b)
Start importing Assets/Script/Cat using Guid(c1a9c391f94a141439c8c1839af0b003) Importer(815301076,1909f56bfc062723c751e8b465ee728b)  -> (artifact id: '18051a7705e30df174b1d33a7bfc4cee') in 0.001342 seconds 
  Import took 0.004422 seconds .

========================================================================
Received Import Request.
  Time since last request: 0.000658 seconds.
  path: Assets/Script/Cat
  artifactKey: Guid(c1a9c391f94a141439c8c1839af0b003) Importer(815301076,1909f56bfc062723c751e8b465ee728b)
Start importing Assets/Script/Cat using Guid(c1a9c391f94a141439c8c1839af0b003) Importer(815301076,1909f56bfc062723c751e8b465ee728b)  -> (artifact id: '18051a7705e30df174b1d33a7bfc4cee') in 0.000987 seconds 
  Import took 0.003795 seconds .

========================================================================
Received Import Request.
  Time since last request: 0.573559 seconds.
  path: Assets/Script/Base_Class
  artifactKey: Guid(e5487988be5fd8e4c95c12a6248839b6) Importer(815301076,1909f56bfc062723c751e8b465ee728b)
Start importing Assets/Script/Base_Class using Guid(e5487988be5fd8e4c95c12a6248839b6) Importer(815301076,1909f56bfc062723c751e8b465ee728b)  -> (artifact id: 'b7295754c814fc1ed6139b22149bc753') in 0.001223 seconds 
  Import took 0.004036 seconds .

========================================================================
Received Import Request.
  Time since last request: 77.073951 seconds.
  path: Assets/Script/Base_Class/AnimCon.cs
  artifactKey: Guid(4da5035d47a0b8547996079f6e96c275) Importer(815301076,1909f56bfc062723c751e8b465ee728b)
Start importing Assets/Script/Base_Class/AnimCon.cs using Guid(4da5035d47a0b8547996079f6e96c275) Importer(815301076,1909f56bfc062723c751e8b465ee728b)  -> (artifact id: '38e611137eeb207a7b8f7b3ba2f924c3') in 0.014018 seconds 
  Import took 0.016873 seconds .

========================================================================
Received Import Request.
  Time since last request: 57.388970 seconds.
  path: Assets/Script/Camera
  artifactKey: Guid(b655d09242cc2ac45807999db3ab140a) Importer(815301076,1909f56bfc062723c751e8b465ee728b)
Start importing Assets/Script/Camera using Guid(b655d09242cc2ac45807999db3ab140a) Importer(815301076,1909f56bfc062723c751e8b465ee728b)  -> (artifact id: '623c8d86e7d7b02e3b80a524a3b421f7') in 0.001390 seconds 
  Import took 0.004676 seconds .

========================================================================
Received Import Request.
  Time since last request: 31.870027 seconds.
  path: Assets/Script/Camera/Camera.cs
  artifactKey: Guid(0a609ccc424d6924890b40f1e9330342) Importer(815301076,1909f56bfc062723c751e8b465ee728b)
Start importing Assets/Script/Camera/Camera.cs using Guid(0a609ccc424d6924890b40f1e9330342) Importer(815301076,1909f56bfc062723c751e8b465ee728b)  -> (artifact id: '310d96fcc7ce883b250d18763638d725') in 0.000933 seconds 
  Import took 0.003416 seconds .

========================================================================
Received Import Request.
  Time since last request: 0.059022 seconds.
  path: Assets/Script/Camera/Camera.cs
  artifactKey: Guid(0a609ccc424d6924890b40f1e9330342) Importer(815301076,1909f56bfc062723c751e8b465ee728b)
Start importing Assets/Script/Camera/Camera.cs using Guid(0a609ccc424d6924890b40f1e9330342) Importer(815301076,1909f56bfc062723c751e8b465ee728b)  -> (artifact id: '310d96fcc7ce883b250d18763638d725') in 0.000914 seconds 
  Import took 0.003395 seconds .

========================================================================
Received Import Request.
  Time since last request: 7.993672 seconds.
  path: Assets/Script/Camera/CameraSaturatingSettings.cs
  artifactKey: Guid(0a609ccc424d6924890b40f1e9330342) Importer(815301076,1909f56bfc062723c751e8b465ee728b)
Start importing Assets/Script/Camera/CameraSaturatingSettings.cs using Guid(0a609ccc424d6924890b40f1e9330342) Importer(815301076,1909f56bfc062723c751e8b465ee728b)  -> (artifact id: '206290a099a0987cff7dcfe7bbfe2f9b') in 0.000960 seconds 
  Import took 0.004243 seconds .

========================================================================
Received Prepare
Registering precompiled user dll's ...
Registered in 0.001863 seconds.
Begin MonoManager ReloadAssembly
Native extension for WindowsStandalone target not found
Refreshing native plugins compatible for Editor in 0.39 ms, found 3 plugins.
Preloading 0 native plugins for Editor in 0.00 ms.
Mono: successfully reloaded assembly
- Completed reload, in  0.794 seconds
Platform modules already initialized, skipping
Refreshing native plugins compatible for Editor in 0.40 ms, found 3 plugins.
Preloading 0 native plugins for Editor in 0.00 ms.
Unloading 2228 Unused Serialized files (Serialized files now loaded: 0)
System memory in use before: 97.3 MB.
System memory in use after: 97.5 MB.

Unloading 17 unused Assets to reduce memory usage. Loaded Objects now: 2686.
Total: 1.937200 ms (FindLiveObjects: 0.158700 ms CreateObjectMapping: 0.070300 ms MarkObjects: 1.693400 ms  DeleteObjects: 0.013200 ms)

AssetImportParameters requested are different than current active one (requested -> active):
  custom:framework-win-MediaFoundation: 216162199b28c13a410421893ffa2e32 -> 
  custom:video-decoder-ogg-theora: a1e56fd34408186e4bbccfd4996cb3dc -> 
  custom:container-muxer-webm: aa71ff27fc2769a1b78a27578f13a17b -> 
  custom:container-demuxer-webm: 4f35f7cbe854078d1ac9338744f61a02 -> 
  custom:container-demuxer-ogg: 62fdf1f143b41e24485cea50d1cbac27 -> 
  custom:video-encoder-webm-vp8: eb34c28f22e8b96e1ab97ce403110664 -> 
  custom:video-codec-MediaFoundation-h265: 746d11721c4dcdbdad8f713fa42b33f4 -> 
  custom:video-decoder-webm-vp8: 9c59270c3fd7afecdb556c50c9e8de78 -> 
  custom:audio-decoder-ogg-vorbis: bf7c407c2cedff20999df2af8eb42d56 -> 
  custom:audio-encoder-webm-vorbis: bf7c407c2cedff20999df2af8eb42d56 -> 
========================================================================
Received Import Request.
  Time since last request: 40.036582 seconds.
  path: Assets/Script/Camera/CameraSaturatingSettings.cs
  artifactKey: Guid(0a609ccc424d6924890b40f1e9330342) Importer(815301076,1909f56bfc062723c751e8b465ee728b)
Start importing Assets/Script/Camera/CameraSaturatingSettings.cs using Guid(0a609ccc424d6924890b40f1e9330342) Importer(815301076,1909f56bfc062723c751e8b465ee728b)  -> (artifact id: '6eba409bf01eda5f71def285841eb5c1') in 0.003058 seconds 
  Import took 0.005384 seconds .

========================================================================
Received Import Request.
  Time since last request: 2.523554 seconds.
  path: Assets/Script/Camera/CameraSaturationSettings.cs
  artifactKey: Guid(0a609ccc424d6924890b40f1e9330342) Importer(815301076,1909f56bfc062723c751e8b465ee728b)
Start importing Assets/Script/Camera/CameraSaturationSettings.cs using Guid(0a609ccc424d6924890b40f1e9330342) Importer(815301076,1909f56bfc062723c751e8b465ee728b)  -> (artifact id: 'c5f781467e1879af9a506efd49a32cf6') in 0.001110 seconds 
  Import took 0.004009 seconds .

========================================================================
Received Prepare
Registering precompiled user dll's ...
Registered in 0.001674 seconds.
Begin MonoManager ReloadAssembly
Native extension for WindowsStandalone target not found
Refreshing native plugins compatible for Editor in 0.40 ms, found 3 plugins.
Preloading 0 native plugins for Editor in 0.00 ms.
Mono: successfully reloaded assembly
- Completed reload, in  0.804 seconds
Platform modules already initialized, skipping
Refreshing native plugins compatible for Editor in 0.37 ms, found 3 plugins.
Preloading 0 native plugins for Editor in 0.00 ms.
Unloading 2228 Unused Serialized files (Serialized files now loaded: 0)
System memory in use before: 97.4 MB.
System memory in use after: 97.5 MB.

Unloading 17 unused Assets to reduce memory usage. Loaded Objects now: 2690.
Total: 2.377900 ms (FindLiveObjects: 0.205600 ms CreateObjectMapping: 0.089100 ms MarkObjects: 2.065300 ms  DeleteObjects: 0.016800 ms)

AssetImportParameters requested are different than current active one (requested -> active):
  custom:framework-win-MediaFoundation: 216162199b28c13a410421893ffa2e32 -> 
  custom:video-decoder-ogg-theora: a1e56fd34408186e4bbccfd4996cb3dc -> 
  custom:container-muxer-webm: aa71ff27fc2769a1b78a27578f13a17b -> 
  custom:container-demuxer-webm: 4f35f7cbe854078d1ac9338744f61a02 -> 
  custom:container-demuxer-ogg: 62fdf1f143b41e24485cea50d1cbac27 -> 
  custom:video-encoder-webm-vp8: eb34c28f22e8b96e1ab97ce403110664 -> 
  custom:video-codec-MediaFoundation-h265: 746d11721c4dcdbdad8f713fa42b33f4 -> 
  custom:video-decoder-webm-vp8: 9c59270c3fd7afecdb556c50c9e8de78 -> 
  custom:audio-decoder-ogg-vorbis: bf7c407c2cedff20999df2af8eb42d56 -> 
  custom:audio-encoder-webm-vorbis: bf7c407c2cedff20999df2af8eb42d56 -> 
========================================================================
Received Import Request.
  Time since last request: 23.685493 seconds.
  path: Assets/Ssaders
  artifactKey: Guid(7a8310d3e1ac8e6459224b3b3aed9ac8) Importer(815301076,1909f56bfc062723c751e8b465ee728b)
Start importing Assets/Ssaders using Guid(7a8310d3e1ac8e6459224b3b3aed9ac8) Importer(815301076,1909f56bfc062723c751e8b465ee728b)  -> (artifact id: 'f87708c70f15e3fbbb45ce7d6d7c0904') in 0.003949 seconds 
  Import took 0.006933 seconds .

========================================================================
Received Import Request.
  Time since last request: 8.810175 seconds.
  path: Assets/Shaders
  artifactKey: Guid(7a8310d3e1ac8e6459224b3b3aed9ac8) Importer(815301076,1909f56bfc062723c751e8b465ee728b)
Start importing Assets/Shaders using Guid(7a8310d3e1ac8e6459224b3b3aed9ac8) Importer(815301076,1909f56bfc062723c751e8b465ee728b)  -> (artifact id: '9e2347e925c0d5135141cc72fe93b665') in 0.001140 seconds 
  Import took 0.004434 seconds .

========================================================================
Received Prepare
Registering precompiled user dll's ...
Registered in 0.003341 seconds.
Begin MonoManager ReloadAssembly
Native extension for WindowsStandalone target not found
Refreshing native plugins compatible for Editor in 0.43 ms, found 3 plugins.
Preloading 0 native plugins for Editor in 0.00 ms.
Mono: successfully reloaded assembly
- Completed reload, in  0.989 seconds
Platform modules already initialized, skipping
Refreshing native plugins compatible for Editor in 0.46 ms, found 3 plugins.
Preloading 0 native plugins for Editor in 0.00 ms.
Unloading 2226 Unused Serialized files (Serialized files now loaded: 0)
System memory in use before: 100.7 MB.
System memory in use after: 100.9 MB.

Unloading 17 unused Assets to reduce memory usage. Loaded Objects now: 2749.
Total: 2.623500 ms (FindLiveObjects: 0.288000 ms CreateObjectMapping: 0.109300 ms MarkObjects: 2.207700 ms  DeleteObjects: 0.017000 ms)

AssetImportParameters requested are different than current active one (requested -> active):
  custom:framework-win-MediaFoundation: 216162199b28c13a410421893ffa2e32 -> 
  custom:video-decoder-ogg-theora: a1e56fd34408186e4bbccfd4996cb3dc -> 
  custom:container-muxer-webm: aa71ff27fc2769a1b78a27578f13a17b -> 
  custom:container-demuxer-webm: 4f35f7cbe854078d1ac9338744f61a02 -> 
  custom:container-demuxer-ogg: 62fdf1f143b41e24485cea50d1cbac27 -> 
  custom:video-encoder-webm-vp8: eb34c28f22e8b96e1ab97ce403110664 -> 
  custom:video-codec-MediaFoundation-h265: 746d11721c4dcdbdad8f713fa42b33f4 -> 
  custom:video-decoder-webm-vp8: 9c59270c3fd7afecdb556c50c9e8de78 -> 
  custom:audio-decoder-ogg-vorbis: bf7c407c2cedff20999df2af8eb42d56 -> 
  custom:audio-encoder-webm-vorbis: bf7c407c2cedff20999df2af8eb42d56 -> 
========================================================================
Received Prepare
Registering precompiled user dll's ...
Registered in 0.003340 seconds.
Begin MonoManager ReloadAssembly
Native extension for WindowsStandalone target not found
Refreshing native plugins compatible for Editor in 0.45 ms, found 3 plugins.
Preloading 0 native plugins for Editor in 0.00 ms.
Mono: successfully reloaded assembly
- Completed reload, in  0.973 seconds
Platform modules already initialized, skipping
Refreshing native plugins compatible for Editor in 0.43 ms, found 3 plugins.
Preloading 0 native plugins for Editor in 0.00 ms.
Unloading 2226 Unused Serialized files (Serialized files now loaded: 0)
System memory in use before: 100.7 MB.
System memory in use after: 100.9 MB.

Unloading 17 unused Assets to reduce memory usage. Loaded Objects now: 2753.
Total: 2.295100 ms (FindLiveObjects: 0.196100 ms CreateObjectMapping: 0.078900 ms MarkObjects: 2.002400 ms  DeleteObjects: 0.016600 ms)

AssetImportParameters requested are different than current active one (requested -> active):
  custom:framework-win-MediaFoundation: 216162199b28c13a410421893ffa2e32 -> 
  custom:video-decoder-ogg-theora: a1e56fd34408186e4bbccfd4996cb3dc -> 
  custom:container-muxer-webm: aa71ff27fc2769a1b78a27578f13a17b -> 
  custom:container-demuxer-webm: 4f35f7cbe854078d1ac9338744f61a02 -> 
  custom:container-demuxer-ogg: 62fdf1f143b41e24485cea50d1cbac27 -> 
  custom:video-encoder-webm-vp8: eb34c28f22e8b96e1ab97ce403110664 -> 
  custom:video-codec-MediaFoundation-h265: 746d11721c4dcdbdad8f713fa42b33f4 -> 
  custom:video-decoder-webm-vp8: 9c59270c3fd7afecdb556c50c9e8de78 -> 
  custom:audio-decoder-ogg-vorbis: bf7c407c2cedff20999df2af8eb42d56 -> 
  custom:audio-encoder-webm-vorbis: bf7c407c2cedff20999df2af8eb42d56 -> 
========================================================================
Received Import Request.
  Time since last request: 306.378261 seconds.
  path: Assets/Animation
  artifactKey: Guid(cbf2b860975749948959769678db19ed) Importer(815301076,1909f56bfc062723c751e8b465ee728b)
Start importing Assets/Animation using Guid(cbf2b860975749948959769678db19ed) Importer(815301076,1909f56bfc062723c751e8b465ee728b)  -> (artifact id: 'e63df4ae09fc193ead94a1cc2f4df234') in 0.008440 seconds 
  Import took 0.011766 seconds .

========================================================================
Received Import Request.
  Time since last request: 15.477905 seconds.
  path: Assets/Animation/Float.anim
  artifactKey: Guid(cf5c2df6fff190c4ea46a9012a41ddb7) Importer(815301076,1909f56bfc062723c751e8b465ee728b)
Start importing Assets/Animation/Float.anim using Guid(cf5c2df6fff190c4ea46a9012a41ddb7) Importer(815301076,1909f56bfc062723c751e8b465ee728b)  -> (artifact id: '43981c3ad76bc7b34ee3176e61bf3093') in 0.020065 seconds 
  Import took 0.023604 seconds .

========================================================================
Received Import Request.
  Time since last request: 51.065585 seconds.
  path: Packages/com.unity.2d.sprite/Editor/ObjectMenuCreation/DefaultAssets/Textures/Capsule.png
  artifactKey: Guid(bd3cb4af8406d4436a2ae8c2aafe1f8d) Importer(815301076,1909f56bfc062723c751e8b465ee728b)
Start importing Packages/com.unity.2d.sprite/Editor/ObjectMenuCreation/DefaultAssets/Textures/Capsule.png using Guid(bd3cb4af8406d4436a2ae8c2aafe1f8d) Importer(815301076,1909f56bfc062723c751e8b465ee728b)  -> (artifact id: '4720ed190e1a7817bbfc67a079ccfd84') in 0.051290 seconds 
  Import took 0.054961 seconds .

========================================================================
Received Import Request.
  Time since last request: 0.001691 seconds.
  path: Packages/com.unity.2d.sprite/Editor/ObjectMenuCreation/DefaultAssets/Textures/Capsule.png
  artifactKey: Guid(bd3cb4af8406d4436a2ae8c2aafe1f8d) Importer(815301076,1909f56bfc062723c751e8b465ee728b)
Start importing Packages/com.unity.2d.sprite/Editor/ObjectMenuCreation/DefaultAssets/Textures/Capsule.png using Guid(bd3cb4af8406d4436a2ae8c2aafe1f8d) Importer(815301076,1909f56bfc062723c751e8b465ee728b)  -> (artifact id: '4720ed190e1a7817bbfc67a079ccfd84') in 0.010516 seconds 
  Import took 0.014762 seconds .

========================================================================
Received Import Request.
  Time since last request: 11.040165 seconds.
  path: Assets/New Folder
  artifactKey: Guid(4898e978f28453f41861844f9e8c863d) Importer(815301076,1909f56bfc062723c751e8b465ee728b)
Start importing Assets/New Folder using Guid(4898e978f28453f41861844f9e8c863d) Importer(815301076,1909f56bfc062723c751e8b465ee728b)  -> (artifact id: 'a0fcc783d35de9c8727e9431c6e93913') in 0.008077 seconds 
  Import took 0.012936 seconds .

========================================================================
Received Import Request.
  Time since last request: 8.246373 seconds.
  path: Assets/Animation/Animator
  artifactKey: Guid(f46b9506bbafcb94bb7b1d0f917f5a80) Importer(815301076,1909f56bfc062723c751e8b465ee728b)
Start importing Assets/Animation/Animator using Guid(f46b9506bbafcb94bb7b1d0f917f5a80) Importer(815301076,1909f56bfc062723c751e8b465ee728b)  -> (artifact id: '524ded2832183be8df44a406a6ed7766') in 0.007508 seconds 
  Import took 0.011233 seconds .

========================================================================
Received Import Request.
  Time since last request: 10.094112 seconds.
  path: Assets/Animation/Animator/New Animator Controller.controller
  artifactKey: Guid(1224876b5c83c9140a408dede5ca8a20) Importer(815301076,1909f56bfc062723c751e8b465ee728b)
Start importing Assets/Animation/Animator/New Animator Controller.controller using Guid(1224876b5c83c9140a408dede5ca8a20) Importer(815301076,1909f56bfc062723c751e8b465ee728b)  -> (artifact id: '298c0c12f3b6e841f82b645baaa23967') in 0.011364 seconds 
  Import took 0.014908 seconds .

========================================================================
Received Import Request.
  Time since last request: 15.171367 seconds.
  path: Assets/Animation/Animator/FloatCat.controller
  artifactKey: Guid(1224876b5c83c9140a408dede5ca8a20) Importer(815301076,1909f56bfc062723c751e8b465ee728b)
Start importing Assets/Animation/Animator/FloatCat.controller using Guid(1224876b5c83c9140a408dede5ca8a20) Importer(815301076,1909f56bfc062723c751e8b465ee728b)  -> (artifact id: 'bbe322c6711a9ac16e460dfbebf8e6e2') in 0.008685 seconds 
  Import took 0.013739 seconds .

========================================================================
Received Prepare
Registering precompiled user dll's ...
Registered in 0.003645 seconds.
Begin MonoManager ReloadAssembly
Native extension for WindowsStandalone target not found
Refreshing native plugins compatible for Editor in 0.46 ms, found 3 plugins.
Preloading 0 native plugins for Editor in 0.00 ms.
Mono: successfully reloaded assembly
- Completed reload, in  0.981 seconds
Platform modules already initialized, skipping
Refreshing native plugins compatible for Editor in 0.42 ms, found 3 plugins.
Preloading 0 native plugins for Editor in 0.00 ms.
Unloading 2226 Unused Serialized files (Serialized files now loaded: 0)
System memory in use before: 100.6 MB.
System memory in use after: 100.9 MB.

Unloading 17 unused Assets to reduce memory usage. Loaded Objects now: 2760.
Total: 2.258900 ms (FindLiveObjects: 0.218300 ms CreateObjectMapping: 0.077400 ms MarkObjects: 1.945000 ms  DeleteObjects: 0.017200 ms)

AssetImportParameters requested are different than current active one (requested -> active):
  custom:framework-win-MediaFoundation: 216162199b28c13a410421893ffa2e32 -> 
  custom:video-decoder-ogg-theora: a1e56fd34408186e4bbccfd4996cb3dc -> 
  custom:container-muxer-webm: aa71ff27fc2769a1b78a27578f13a17b -> 
  custom:container-demuxer-webm: 4f35f7cbe854078d1ac9338744f61a02 -> 
  custom:container-demuxer-ogg: 62fdf1f143b41e24485cea50d1cbac27 -> 
  custom:video-encoder-webm-vp8: eb34c28f22e8b96e1ab97ce403110664 -> 
  custom:video-codec-MediaFoundation-h265: 746d11721c4dcdbdad8f713fa42b33f4 -> 
  custom:video-decoder-webm-vp8: 9c59270c3fd7afecdb556c50c9e8de78 -> 
  custom:audio-decoder-ogg-vorbis: bf7c407c2cedff20999df2af8eb42d56 -> 
  custom:audio-encoder-webm-vorbis: bf7c407c2cedff20999df2af8eb42d56 -> 
========================================================================
Received Prepare
Registering precompiled user dll's ...
Registered in 0.003275 seconds.
Begin MonoManager ReloadAssembly
Native extension for WindowsStandalone target not found
Refreshing native plugins compatible for Editor in 0.42 ms, found 3 plugins.
Preloading 0 native plugins for Editor in 0.00 ms.
Mono: successfully reloaded assembly
- Completed reload, in  0.924 seconds
Platform modules already initialized, skipping
Refreshing native plugins compatible for Editor in 0.43 ms, found 3 plugins.
Preloading 0 native plugins for Editor in 0.00 ms.
Unloading 2226 Unused Serialized files (Serialized files now loaded: 0)
System memory in use before: 100.8 MB.
System memory in use after: 101.0 MB.

Unloading 17 unused Assets to reduce memory usage. Loaded Objects now: 2764.
Total: 2.584300 ms (FindLiveObjects: 0.219800 ms CreateObjectMapping: 0.095700 ms MarkObjects: 2.250600 ms  DeleteObjects: 0.016900 ms)

AssetImportParameters requested are different than current active one (requested -> active):
  custom:framework-win-MediaFoundation: 216162199b28c13a410421893ffa2e32 -> 
  custom:video-decoder-ogg-theora: a1e56fd34408186e4bbccfd4996cb3dc -> 
  custom:container-muxer-webm: aa71ff27fc2769a1b78a27578f13a17b -> 
  custom:container-demuxer-webm: 4f35f7cbe854078d1ac9338744f61a02 -> 
  custom:container-demuxer-ogg: 62fdf1f143b41e24485cea50d1cbac27 -> 
  custom:video-encoder-webm-vp8: eb34c28f22e8b96e1ab97ce403110664 -> 
  custom:video-codec-MediaFoundation-h265: 746d11721c4dcdbdad8f713fa42b33f4 -> 
  custom:video-decoder-webm-vp8: 9c59270c3fd7afecdb556c50c9e8de78 -> 
  custom:audio-decoder-ogg-vorbis: bf7c407c2cedff20999df2af8eb42d56 -> 
  custom:audio-encoder-webm-vorbis: bf7c407c2cedff20999df2af8eb42d56 -> 
========================================================================
Received Import Request.
  Time since last request: 416.558525 seconds.
  path: Assets/Animation/Float.anim
  artifactKey: Guid(cf5c2df6fff190c4ea46a9012a41ddb7) Importer(815301076,1909f56bfc062723c751e8b465ee728b)
Start importing Assets/Animation/Float.anim using Guid(cf5c2df6fff190c4ea46a9012a41ddb7) Importer(815301076,1909f56bfc062723c751e8b465ee728b)  -> (artifact id: 'bf896121fcb6a41bb75111b0474f92d7') in 0.015044 seconds 
  Import took 0.018680 seconds .

========================================================================
Received Import Request.
  Time since last request: 102.496922 seconds.
  path: Assets/Animation/Animator/FloatCat.controller
  artifactKey: Guid(1224876b5c83c9140a408dede5ca8a20) Importer(815301076,1909f56bfc062723c751e8b465ee728b)
Start importing Assets/Animation/Animator/FloatCat.controller using Guid(1224876b5c83c9140a408dede5ca8a20) Importer(815301076,1909f56bfc062723c751e8b465ee728b)  -> (artifact id: 'ac1207f4a4c18c65a125e181397820ca') in 0.004110 seconds 
  Import took 0.007763 seconds .

========================================================================
Received Import Request.
  Time since last request: 94.120958 seconds.
  path: Assets/Animation/FloatingCat.controller
  artifactKey: Guid(7e53fb6936939b647b39328d8829a639) Importer(815301076,1909f56bfc062723c751e8b465ee728b)
Start importing Assets/Animation/FloatingCat.controller using Guid(7e53fb6936939b647b39328d8829a639) Importer(815301076,1909f56bfc062723c751e8b465ee728b)  -> (artifact id: '46a701977f9098bd99617f10f2d04ca0') in 0.007373 seconds 
  Import took 0.012065 seconds .

========================================================================
Received Import Request.
  Time since last request: 0.000237 seconds.
  path: Assets/Animation/FloatingCat.controller
  artifactKey: Guid(7e53fb6936939b647b39328d8829a639) Importer(815301076,1909f56bfc062723c751e8b465ee728b)
Start importing Assets/Animation/FloatingCat.controller using Guid(7e53fb6936939b647b39328d8829a639) Importer(815301076,1909f56bfc062723c751e8b465ee728b)  -> (artifact id: '46a701977f9098bd99617f10f2d04ca0') in 0.003240 seconds 
  Import took 0.006620 seconds .

========================================================================
Received Prepare
Registering precompiled user dll's ...
Registered in 0.002875 seconds.
Begin MonoManager ReloadAssembly
Native extension for WindowsStandalone target not found
Refreshing native plugins compatible for Editor in 0.42 ms, found 3 plugins.
Preloading 0 native plugins for Editor in 0.00 ms.
Mono: successfully reloaded assembly
- Completed reload, in  0.951 seconds
Platform modules already initialized, skipping
Refreshing native plugins compatible for Editor in 0.42 ms, found 3 plugins.
Preloading 0 native plugins for Editor in 0.00 ms.
Unloading 2226 Unused Serialized files (Serialized files now loaded: 0)
System memory in use before: 100.8 MB.
System memory in use after: 101.0 MB.

Unloading 17 unused Assets to reduce memory usage. Loaded Objects now: 2768.
Total: 2.280600 ms (FindLiveObjects: 0.219800 ms CreateObjectMapping: 0.076500 ms MarkObjects: 1.967900 ms  DeleteObjects: 0.015500 ms)

AssetImportParameters requested are different than current active one (requested -> active):
  custom:framework-win-MediaFoundation: 216162199b28c13a410421893ffa2e32 -> 
  custom:video-decoder-ogg-theora: a1e56fd34408186e4bbccfd4996cb3dc -> 
  custom:container-muxer-webm: aa71ff27fc2769a1b78a27578f13a17b -> 
  custom:container-demuxer-webm: 4f35f7cbe854078d1ac9338744f61a02 -> 
  custom:container-demuxer-ogg: 62fdf1f143b41e24485cea50d1cbac27 -> 
  custom:video-encoder-webm-vp8: eb34c28f22e8b96e1ab97ce403110664 -> 
  custom:video-codec-MediaFoundation-h265: 746d11721c4dcdbdad8f713fa42b33f4 -> 
  custom:video-decoder-webm-vp8: 9c59270c3fd7afecdb556c50c9e8de78 -> 
  custom:audio-decoder-ogg-vorbis: bf7c407c2cedff20999df2af8eb42d56 -> 
  custom:audio-encoder-webm-vorbis: bf7c407c2cedff20999df2af8eb42d56 -> 
========================================================================
Received Prepare
Registering precompiled user dll's ...
Registered in 0.003038 seconds.
Begin MonoManager ReloadAssembly
Native extension for WindowsStandalone target not found
Refreshing native plugins compatible for Editor in 0.41 ms, found 3 plugins.
Preloading 0 native plugins for Editor in 0.00 ms.
Mono: successfully reloaded assembly
- Completed reload, in  0.945 seconds
Platform modules already initialized, skipping
Refreshing native plugins compatible for Editor in 0.44 ms, found 3 plugins.
Preloading 0 native plugins for Editor in 0.00 ms.
Unloading 2226 Unused Serialized files (Serialized files now loaded: 0)
System memory in use before: 100.8 MB.
System memory in use after: 101.0 MB.

Unloading 17 unused Assets to reduce memory usage. Loaded Objects now: 2772.
Total: 2.495700 ms (FindLiveObjects: 0.244400 ms CreateObjectMapping: 0.100500 ms MarkObjects: 2.126900 ms  DeleteObjects: 0.022400 ms)

AssetImportParameters requested are different than current active one (requested -> active):
  custom:framework-win-MediaFoundation: 216162199b28c13a410421893ffa2e32 -> 
  custom:video-decoder-ogg-theora: a1e56fd34408186e4bbccfd4996cb3dc -> 
  custom:container-muxer-webm: aa71ff27fc2769a1b78a27578f13a17b -> 
  custom:container-demuxer-webm: 4f35f7cbe854078d1ac9338744f61a02 -> 
  custom:container-demuxer-ogg: 62fdf1f143b41e24485cea50d1cbac27 -> 
  custom:video-encoder-webm-vp8: eb34c28f22e8b96e1ab97ce403110664 -> 
  custom:video-codec-MediaFoundation-h265: 746d11721c4dcdbdad8f713fa42b33f4 -> 
  custom:video-decoder-webm-vp8: 9c59270c3fd7afecdb556c50c9e8de78 -> 
  custom:audio-decoder-ogg-vorbis: bf7c407c2cedff20999df2af8eb42d56 -> 
  custom:audio-encoder-webm-vorbis: bf7c407c2cedff20999df2af8eb42d56 -> 
========================================================================
Received Import Request.
  Time since last request: 264.957563 seconds.
  path: Assets/Scenes/aaa.unity
  artifactKey: Guid(3b41fec0dbb4e4574832b10efbd45e2c) Importer(815301076,1909f56bfc062723c751e8b465ee728b)
Start importing Assets/Scenes/aaa.unity using Guid(3b41fec0dbb4e4574832b10efbd45e2c) Importer(815301076,1909f56bfc062723c751e8b465ee728b)  -> (artifact id: 'cf7716c25af1416973c3700297e1bacb') in 0.018759 seconds 
  Import took 0.022562 seconds .

========================================================================
Received Import Request.
  Time since last request: 111.327789 seconds.
  path: Assets/Scenes/SampleScene.unity
  artifactKey: Guid(2cda990e2423bbf4892e6590ba056729) Importer(815301076,1909f56bfc062723c751e8b465ee728b)
Start importing Assets/Scenes/SampleScene.unity using Guid(2cda990e2423bbf4892e6590ba056729) Importer(815301076,1909f56bfc062723c751e8b465ee728b)  -> (artifact id: '8b113dfc3679c01347a15e9f36d6047b') in 0.007299 seconds 
  Import took 0.010945 seconds .

========================================================================
Received Import Request.
  Time since last request: 0.000745 seconds.
  path: Assets/Scenes/SampleScene.unity
  artifactKey: Guid(2cda990e2423bbf4892e6590ba056729) Importer(815301076,1909f56bfc062723c751e8b465ee728b)
Start importing Assets/Scenes/SampleScene.unity using Guid(2cda990e2423bbf4892e6590ba056729) Importer(815301076,1909f56bfc062723c751e8b465ee728b)  -> (artifact id: '8b113dfc3679c01347a15e9f36d6047b') in 0.003777 seconds 
  Import took 0.007004 seconds .

========================================================================
Received Import Request.
  Time since last request: 2.791345 seconds.
  path: Packages/com.unity.2d.sprite/Editor/ObjectMenuCreation/DefaultAssets/Textures/Square.png
  artifactKey: Guid(48e93eef0688c4a259cb0eddcd8661f7) Importer(815301076,1909f56bfc062723c751e8b465ee728b)
Start importing Packages/com.unity.2d.sprite/Editor/ObjectMenuCreation/DefaultAssets/Textures/Square.png using Guid(48e93eef0688c4a259cb0eddcd8661f7) Importer(815301076,1909f56bfc062723c751e8b465ee728b)  -> (artifact id: '67f9d2c87602c9de665cd5edc8b46197') in 0.047536 seconds 
  Import took 0.051123 seconds .

========================================================================
Received Import Request.
  Time since last request: 0.006164 seconds.
  path: Packages/com.unity.2d.sprite/Editor/ObjectMenuCreation/DefaultAssets/Textures/Square.png
  artifactKey: Guid(48e93eef0688c4a259cb0eddcd8661f7) Importer(815301076,1909f56bfc062723c751e8b465ee728b)
Start importing Packages/com.unity.2d.sprite/Editor/ObjectMenuCreation/DefaultAssets/Textures/Square.png using Guid(48e93eef0688c4a259cb0eddcd8661f7) Importer(815301076,1909f56bfc062723c751e8b465ee728b)  -> (artifact id: '67f9d2c87602c9de665cd5edc8b46197') in 0.013294 seconds 
  Import took 0.017068 seconds .

========================================================================
Received Prepare
Registering precompiled user dll's ...
Registered in 0.002707 seconds.
Begin MonoManager ReloadAssembly
Native extension for WindowsStandalone target not found
Refreshing native plugins compatible for Editor in 0.42 ms, found 3 plugins.
Preloading 0 native plugins for Editor in 0.00 ms.
Mono: successfully reloaded assembly
- Completed reload, in  0.937 seconds
Platform modules already initialized, skipping
Refreshing native plugins compatible for Editor in 0.42 ms, found 3 plugins.
Preloading 0 native plugins for Editor in 0.00 ms.
Unloading 2226 Unused Serialized files (Serialized files now loaded: 0)
System memory in use before: 100.8 MB.
System memory in use after: 101.0 MB.

Unloading 17 unused Assets to reduce memory usage. Loaded Objects now: 2779.
Total: 2.320700 ms (FindLiveObjects: 0.212700 ms CreateObjectMapping: 0.078400 ms MarkObjects: 2.012100 ms  DeleteObjects: 0.016700 ms)

AssetImportParameters requested are different than current active one (requested -> active):
  custom:framework-win-MediaFoundation: 216162199b28c13a410421893ffa2e32 -> 
  custom:video-decoder-ogg-theora: a1e56fd34408186e4bbccfd4996cb3dc -> 
  custom:container-muxer-webm: aa71ff27fc2769a1b78a27578f13a17b -> 
  custom:container-demuxer-webm: 4f35f7cbe854078d1ac9338744f61a02 -> 
  custom:container-demuxer-ogg: 62fdf1f143b41e24485cea50d1cbac27 -> 
  custom:video-encoder-webm-vp8: eb34c28f22e8b96e1ab97ce403110664 -> 
  custom:video-codec-MediaFoundation-h265: 746d11721c4dcdbdad8f713fa42b33f4 -> 
  custom:video-decoder-webm-vp8: 9c59270c3fd7afecdb556c50c9e8de78 -> 
  custom:audio-decoder-ogg-vorbis: bf7c407c2cedff20999df2af8eb42d56 -> 
  custom:audio-encoder-webm-vorbis: bf7c407c2cedff20999df2af8eb42d56 -> 
========================================================================
Received Import Request.
  Time since last request: 209.661941 seconds.
  path: Assets/Scenes/SampleScene.unity
  artifactKey: Guid(2cda990e2423bbf4892e6590ba056729) Importer(815301076,1909f56bfc062723c751e8b465ee728b)
Start importing Assets/Scenes/SampleScene.unity using Guid(2cda990e2423bbf4892e6590ba056729) Importer(815301076,1909f56bfc062723c751e8b465ee728b)  -> (artifact id: '24b20e8bf9e6388f33f31534135d85a4') in 0.015705 seconds 
  Import took 0.019274 seconds .

========================================================================
Received Prepare
Registering precompiled user dll's ...
Registered in 0.002776 seconds.
Begin MonoManager ReloadAssembly
Native extension for WindowsStandalone target not found
Refreshing native plugins compatible for Editor in 0.42 ms, found 3 plugins.
Preloading 0 native plugins for Editor in 0.00 ms.
Mono: successfully reloaded assembly
- Completed reload, in  0.924 seconds
Platform modules already initialized, skipping
Refreshing native plugins compatible for Editor in 0.41 ms, found 3 plugins.
Preloading 0 native plugins for Editor in 0.00 ms.
Unloading 2226 Unused Serialized files (Serialized files now loaded: 0)
System memory in use before: 100.7 MB.
System memory in use after: 100.9 MB.

Unloading 17 unused Assets to reduce memory usage. Loaded Objects now: 2783.
Total: 2.289100 ms (FindLiveObjects: 0.214700 ms CreateObjectMapping: 0.078800 ms MarkObjects: 1.978900 ms  DeleteObjects: 0.015500 ms)

AssetImportParameters requested are different than current active one (requested -> active):
  custom:framework-win-MediaFoundation: 216162199b28c13a410421893ffa2e32 -> 
  custom:video-decoder-ogg-theora: a1e56fd34408186e4bbccfd4996cb3dc -> 
  custom:container-muxer-webm: aa71ff27fc2769a1b78a27578f13a17b -> 
  custom:container-demuxer-webm: 4f35f7cbe854078d1ac9338744f61a02 -> 
  custom:container-demuxer-ogg: 62fdf1f143b41e24485cea50d1cbac27 -> 
  custom:video-encoder-webm-vp8: eb34c28f22e8b96e1ab97ce403110664 -> 
  custom:video-codec-MediaFoundation-h265: 746d11721c4dcdbdad8f713fa42b33f4 -> 
  custom:video-decoder-webm-vp8: 9c59270c3fd7afecdb556c50c9e8de78 -> 
  custom:audio-decoder-ogg-vorbis: bf7c407c2cedff20999df2af8eb42d56 -> 
  custom:audio-encoder-webm-vorbis: bf7c407c2cedff20999df2af8eb42d56 -> 
========================================================================
Received Import Request.
  Time since last request: 66.315363 seconds.
  path: Assets/Scenes/Room.cs
  artifactKey: Guid(8af8a06f041e3c942b001cf3c4c3f81c) Importer(815301076,1909f56bfc062723c751e8b465ee728b)
Start importing Assets/Scenes/Room.cs using Guid(8af8a06f041e3c942b001cf3c4c3f81c) Importer(815301076,1909f56bfc062723c751e8b465ee728b)  -> (artifact id: '8c51f81f291cb55d14412e391e9ac53f') in 0.010380 seconds 
  Import took 0.014356 seconds .

========================================================================
Received Prepare
Registering precompiled user dll's ...
Registered in 0.002794 seconds.
Begin MonoManager ReloadAssembly
Native extension for WindowsStandalone target not found
Refreshing native plugins compatible for Editor in 0.47 ms, found 3 plugins.
Preloading 0 native plugins for Editor in 0.00 ms.
Mono: successfully reloaded assembly
- Completed reload, in  1.082 seconds
Platform modules already initialized, skipping
Refreshing native plugins compatible for Editor in 0.45 ms, found 3 plugins.
Preloading 0 native plugins for Editor in 0.00 ms.
Unloading 2227 Unused Serialized files (Serialized files now loaded: 0)
System memory in use before: 100.8 MB.
System memory in use after: 101.1 MB.

Unloading 17 unused Assets to reduce memory usage. Loaded Objects now: 2788.
Total: 2.633700 ms (FindLiveObjects: 0.227000 ms CreateObjectMapping: 0.101200 ms MarkObjects: 2.284000 ms  DeleteObjects: 0.020400 ms)

AssetImportParameters requested are different than current active one (requested -> active):
  custom:framework-win-MediaFoundation: 216162199b28c13a410421893ffa2e32 -> 
  custom:video-decoder-ogg-theora: a1e56fd34408186e4bbccfd4996cb3dc -> 
  custom:container-muxer-webm: aa71ff27fc2769a1b78a27578f13a17b -> 
  custom:container-demuxer-webm: 4f35f7cbe854078d1ac9338744f61a02 -> 
  custom:container-demuxer-ogg: 62fdf1f143b41e24485cea50d1cbac27 -> 
  custom:video-encoder-webm-vp8: eb34c28f22e8b96e1ab97ce403110664 -> 
  custom:video-codec-MediaFoundation-h265: 746d11721c4dcdbdad8f713fa42b33f4 -> 
  custom:video-decoder-webm-vp8: 9c59270c3fd7afecdb556c50c9e8de78 -> 
  custom:audio-decoder-ogg-vorbis: bf7c407c2cedff20999df2af8eb42d56 -> 
  custom:audio-encoder-webm-vorbis: bf7c407c2cedff20999df2af8eb42d56 -> 
========================================================================
Received Prepare
Registering precompiled user dll's ...
Registered in 0.002858 seconds.
Begin MonoManager ReloadAssembly
Native extension for WindowsStandalone target not found
Refreshing native plugins compatible for Editor in 0.44 ms, found 3 plugins.
Preloading 0 native plugins for Editor in 0.00 ms.
Mono: successfully reloaded assembly
- Completed reload, in  0.944 seconds
Platform modules already initialized, skipping
Refreshing native plugins compatible for Editor in 0.42 ms, found 3 plugins.
Preloading 0 native plugins for Editor in 0.00 ms.
Unloading 2226 Unused Serialized files (Serialized files now loaded: 0)
System memory in use before: 100.8 MB.
System memory in use after: 101.0 MB.

Unloading 18 unused Assets to reduce memory usage. Loaded Objects now: 2791.
Total: 2.652600 ms (FindLiveObjects: 0.206100 ms CreateObjectMapping: 0.080900 ms MarkObjects: 2.346600 ms  DeleteObjects: 0.018200 ms)

AssetImportParameters requested are different than current active one (requested -> active):
  custom:framework-win-MediaFoundation: 216162199b28c13a410421893ffa2e32 -> 
  custom:video-decoder-ogg-theora: a1e56fd34408186e4bbccfd4996cb3dc -> 
  custom:container-muxer-webm: aa71ff27fc2769a1b78a27578f13a17b -> 
  custom:container-demuxer-webm: 4f35f7cbe854078d1ac9338744f61a02 -> 
  custom:container-demuxer-ogg: 62fdf1f143b41e24485cea50d1cbac27 -> 
  custom:video-encoder-webm-vp8: eb34c28f22e8b96e1ab97ce403110664 -> 
  custom:video-codec-MediaFoundation-h265: 746d11721c4dcdbdad8f713fa42b33f4 -> 
  custom:video-decoder-webm-vp8: 9c59270c3fd7afecdb556c50c9e8de78 -> 
  custom:audio-decoder-ogg-vorbis: bf7c407c2cedff20999df2af8eb42d56 -> 
  custom:audio-encoder-webm-vorbis: bf7c407c2cedff20999df2af8eb42d56 -> 
========================================================================
Received Import Request.
  Time since last request: 240.593020 seconds.
  path: Assets/Scenes/New Scene.unity
  artifactKey: Guid(418056183357cf54eba0c2b6b0c6a188) Importer(815301076,1909f56bfc062723c751e8b465ee728b)
Start importing Assets/Scenes/New Scene.unity using Guid(418056183357cf54eba0c2b6b0c6a188) Importer(815301076,1909f56bfc062723c751e8b465ee728b)  -> (artifact id: 'ee862f5d8270bdccdb5a4687a3367c01') in 0.023202 seconds 
  Import took 0.027464 seconds .

========================================================================
Received Prepare
Registering precompiled user dll's ...
Registered in 0.005757 seconds.
Begin MonoManager ReloadAssembly
Native extension for WindowsStandalone target not found
Refreshing native plugins compatible for Editor in 0.51 ms, found 3 plugins.
Preloading 0 native plugins for Editor in 0.00 ms.
Mono: successfully reloaded assembly
- Completed reload, in  1.221 seconds
Platform modules already initialized, skipping
Refreshing native plugins compatible for Editor in 0.45 ms, found 3 plugins.
Preloading 0 native plugins for Editor in 0.00 ms.
Unloading 2227 Unused Serialized files (Serialized files now loaded: 0)
System memory in use before: 100.9 MB.
System memory in use after: 101.1 MB.

Unloading 17 unused Assets to reduce memory usage. Loaded Objects now: 2796.
Total: 2.428100 ms (FindLiveObjects: 0.249200 ms CreateObjectMapping: 0.097700 ms MarkObjects: 2.055700 ms  DeleteObjects: 0.024000 ms)

AssetImportParameters requested are different than current active one (requested -> active):
  custom:framework-win-MediaFoundation: 216162199b28c13a410421893ffa2e32 -> 
  custom:video-decoder-ogg-theora: a1e56fd34408186e4bbccfd4996cb3dc -> 
  custom:container-muxer-webm: aa71ff27fc2769a1b78a27578f13a17b -> 
  custom:container-demuxer-webm: 4f35f7cbe854078d1ac9338744f61a02 -> 
  custom:container-demuxer-ogg: 62fdf1f143b41e24485cea50d1cbac27 -> 
  custom:video-encoder-webm-vp8: eb34c28f22e8b96e1ab97ce403110664 -> 
  custom:video-codec-MediaFoundation-h265: 746d11721c4dcdbdad8f713fa42b33f4 -> 
  custom:video-decoder-webm-vp8: 9c59270c3fd7afecdb556c50c9e8de78 -> 
  custom:audio-decoder-ogg-vorbis: bf7c407c2cedff20999df2af8eb42d56 -> 
  custom:audio-encoder-webm-vorbis: bf7c407c2cedff20999df2af8eb42d56 -> 
